--- Copying files at Wed Oct 23 15:43:36 UTC 2019
INSTALLED plugins/description-setter.jpi : 1.10
INSTALLED plugins/cloudbees-folder.jpi : 6.9
INSTALLED plugins/workflow-basic-steps.jpi : 2.18
INSTALLED plugins/script-security.jpi : 1.66
INSTALLED plugins/conditional-buildstep.jpi : 1.3.6
INSTALLED plugins/javadoc.jpi : 1.5
INSTALLED plugins/workflow-scm-step.jpi : 2.9
INSTALLED plugins/ssh-credentials.jpi : 1.18
INSTALLED plugins/pipeline-graph-analysis.jpi : 1.10
INSTALLED plugins/workflow-api.jpi : 2.37
INSTALLED plugins/seed.jpi : 2.1.4
INSTALLED plugins/workflow-step-api.jpi : 2.20
INSTALLED plugins/pipeline-model-declarative-agent.jpi : 1.1.1
INSTALLED plugins/pipeline-build-step.jpi : 2.9
INSTALLED plugins/credentials-binding.jpi : 1.20
INSTALLED plugins/workflow-aggregator.jpi : 2.6
INSTALLED plugins/branch-api.jpi : 2.5.4
INSTALLED plugins/workflow-support.jpi : 3.3
INSTALLED plugins/docker-commons.jpi : 1.15
INSTALLED plugins/matrix-project.jpi : 1.14
INSTALLED plugins/git-server.jpi : 1.8
INSTALLED plugins/pipeline-model-extensions.jpi : 1.3.9
INSTALLED plugins/ace-editor.jpi : 1.1
INSTALLED plugins/docker-workflow.jpi : 1.21
INSTALLED plugins/job-dsl.jpi : 1.76
INSTALLED plugins/git.jpi : 3.12.1
INSTALLED plugins/jsch.jpi : 0.1.55.1
INSTALLED plugins/pipeline-milestone-step.jpi : 1.3.1
INSTALLED plugins/pipeline-rest-api.jpi : 2.12
INSTALLED plugins/authentication-tokens.jpi : 1.3
INSTALLED plugins/plain-credentials.jpi : 1.5
INSTALLED plugins/pipeline-model-definition.jpi : 1.3.9
INSTALLED plugins/envinject.jpi : 2.2.1
INSTALLED plugins/display-url-api.jpi : 2.3.2
INSTALLED plugins/workflow-durable-task-step.jpi : 2.34
INSTALLED plugins/workflow-multibranch.jpi : 2.21
INSTALLED plugins/pipeline-input-step.jpi : 2.11
INSTALLED plugins/scm-api.jpi : 2.6.3
INSTALLED plugins/handlebars.jpi : 1.1.1
INSTALLED plugins/git-client.jpi : 2.9.0
INSTALLED plugins/pipeline-model-api.jpi : 1.3.9
INSTALLED plugins/pipeline-stage-view.jpi : 2.12
INSTALLED plugins/credentials.jpi : 2.3.0
INSTALLED plugins/maven-plugin.jpi : 3.4
INSTALLED plugins/matrix-auth.jpi : 2.5
INSTALLED plugins/parameterized-trigger.jpi : 2.35.2
INSTALLED plugins/envinject-api.jpi : 1.6
INSTALLED plugins/pipeline-stage-tags-metadata.jpi : 1.3.9
INSTALLED plugins/run-condition.jpi : 1.2
INSTALLED plugins/junit.jpi : 1.28
INSTALLED plugins/workflow-cps.jpi : 2.74
INSTALLED plugins/workflow-job.jpi : 2.35
INSTALLED plugins/structs.jpi : 1.20
INSTALLED plugins/mailer.jpi : 1.29
INSTALLED plugins/jackson2-api.jpi : 2.10.0
INSTALLED plugins/momentjs.jpi : 1.1.1
INSTALLED plugins/jquery-detached.jpi : 1.2.1
INSTALLED plugins/apache-httpcomponents-client-4-api.jpi : 4.5.10-2.0
INSTALLED plugins/token-macro.jpi : 2.10
INSTALLED plugins/pipeline-stage-step.jpi : 2.3
INSTALLED plugins/workflow-cps-global-lib.jpi : 2.15
INSTALLED plugins/trilead-api.jpi : 1.0.5
INSTALLED plugins/lockable-resources.jpi : 2.6
INSTALLED plugins/durable-task.jpi : 1.31
--- Copying files at Wed Oct 23 15:57:07 UTC 2019
